<?xml version="1.0" encoding="UTF-8"?>
<testng-results ignored="0" total="1" passed="1" failed="0" skipped="0">
  <reporter-output>
    <line>
      <![CDATA[Testing create customer]]>
    </line>
  </reporter-output>
  <suite started-at="2023-05-31T11:01:28 IST" name="Default suite" finished-at="2023-05-31T11:01:28 IST" duration-ms="161">
    <groups>
    </groups>
    <test started-at="2023-05-31T11:01:28 IST" name="Default test" finished-at="2023-05-31T11:01:28 IST" duration-ms="161">
      <class name="com.actitime.testscript.CreateCustomer">
        <test-method signature="testCreateCustomer()[pri:0, instance:com.actitime.testscript.CreateCustomer@5119fb47]" started-at="2023-05-31T11:01:28 IST" name="testCreateCustomer" finished-at="2023-05-31T11:01:28 IST" duration-ms="33" status="PASS">
          <reporter-output>
            <line>
              <![CDATA[Testing create customer]]>
            </line>
          </reporter-output>
        </test-method> <!-- testCreateCustomer -->
      </class> <!-- com.actitime.testscript.CreateCustomer -->
    </test> <!-- Default test -->
  </suite> <!-- Default suite -->
</testng-results>
